<?xml version="1.0" encoding="UTF-8"?>
<!-- Generated by org.testng.reporters.JUnitXMLReporter -->
<testsuite ignored="0" hostname="DESKTOP-BHR3PSD" failures="0" tests="2" name="Default test" time="43.382" errors="0" timestamp="2024-02-22T11:45:34 IST">
  <testcase classname="testNG.verifyPrimeVideoTrailerPlayFuctionality" name="primeVideosectionFuctionality" time="12.131"/>
  <testcase classname="testNG.verifyPrimeVideoTrailerPlayFuctionality" name="verifyCategorySectionInPrimeVideo" time="4.246"/>
</testsuite> <!-- Default test -->
