<?xml version="1.0" encoding="UTF-8"?>
<!-- Generated by org.testng.reporters.JUnitXMLReporter -->
<testsuite ignored="0" hostname="DESKTOP-BHR3PSD" failures="0" tests="9" name="Test_1" time="174.96" errors="0" timestamp="2024-02-22T15:14:34 IST">
  <testcase classname="testNG.verifyAddToCartOptionOnApplication" name="addToCartFuctionality" time="15.351"/>
  <testcase classname="testNG.verifyAddToCartOptionOnApplication" name="buyNowFunctionality" time="10.639"/>
  <testcase classname="testNG.verifyNewLaunchSectionWithLaptop" name="verifyAddBothTocartFuctionality" time="10.87"/>
  <testcase classname="testNG.verifyNewLaunchSectionWithLaptop" name="verifyGotoCartbuttonOnRightSideSection" time="6.967"/>
  <testcase classname="testNG.verifyCustomerServiceSection" name="verifyMsgOnCustomerServicePage" time="0.061"/>
  <testcase classname="testNG.verifyCustomerServiceSection" name="verifyFindMoreSolutionAndAskQuationfunction" time="3.711"/>
  <testcase classname="testNG.verifyCustomerServiceSection" name="verifyLaguageSelectionMarathi" time="2.304"/>
  <testcase classname="testNG.verifyPrimeVideoTrailerPlayFuctionality" name="primeVideosectionFuctionality" time="9.215"/>
  <testcase classname="testNG.verifyPrimeVideoTrailerPlayFuctionality" name="verifyCategorySectionInPrimeVideo" time="5.467"/>
</testsuite> <!-- Test_1 -->
